\BOOKMARK [0][-]{section*.1}{\376\377\000R\000e\000s\000u\000m\000e\000n}{}% 1
\BOOKMARK [0][-]{chapter.1}{\376\377\000I\000n\000t\000r\000o\000d\000u\000c\000c\000i\000\363\000n\000\040\000g\000e\000n\000e\000r\000a\000l}{}% 2
\BOOKMARK [1][-]{section.1.1}{\376\377\000P\000r\000o\000b\000l\000e\000m\000\341\000t\000i\000c\000a\000\040\000a\000c\000t\000u\000a\000l}{chapter.1}% 3
\BOOKMARK [1][-]{section.1.2}{\376\377\000M\000o\000t\000i\000v\000a\000c\000i\000\363\000n}{chapter.1}% 4
\BOOKMARK [1][-]{section.1.3}{\376\377\000E\000s\000t\000a\000d\000o\000\040\000d\000e\000l\000\040\000a\000r\000t\000e}{chapter.1}% 5
\BOOKMARK [1][-]{section.1.4}{\376\377\000O\000b\000j\000e\000t\000i\000v\000o\000s\000\040\000y\000\040\000a\000l\000c\000a\000n\000c\000e}{chapter.1}% 6
\BOOKMARK [2][-]{subsection.1.4.1}{\376\377\000O\000b\000j\000e\000t\000i\000v\000o\000\040\000p\000r\000i\000n\000c\000i\000p\000a\000l}{section.1.4}% 7
\BOOKMARK [2][-]{subsection.1.4.2}{\376\377\000O\000b\000j\000e\000t\000i\000v\000o\000s\000\040\000e\000s\000p\000e\000c\000\355\000f\000i\000c\000o\000s}{section.1.4}% 8
\BOOKMARK [2][-]{subsection.1.4.3}{\376\377\000A\000l\000c\000a\000n\000c\000e\000\040\000d\000e\000l\000\040\000t\000r\000a\000b\000a\000j\000o}{section.1.4}% 9
\BOOKMARK [1][-]{section.1.5}{\376\377\000R\000e\000q\000u\000e\000r\000i\000m\000i\000e\000n\000t\000o\000s}{chapter.1}% 10
\BOOKMARK [0][-]{chapter.2}{\376\377\000I\000n\000t\000r\000o\000d\000u\000c\000c\000i\000\363\000n\000\040\000e\000s\000p\000e\000c\000\355\000f\000i\000c\000a}{}% 11
\BOOKMARK [1][-]{section.2.1}{\376\377\000P\000r\000o\000t\000o\000c\000o\000l\000o\000s\000\040\000d\000e\000\040\000c\000o\000m\000u\000n\000i\000c\000a\000c\000i\000\363\000n}{chapter.2}% 12
\BOOKMARK [2][-]{subsection.2.1.1}{\376\377\000W\000i\000-\000F\000i}{section.2.1}% 13
\BOOKMARK [2][-]{subsection.2.1.2}{\376\377\000M\000Q\000T\000T}{section.2.1}% 14
\BOOKMARK [2][-]{subsection.2.1.3}{\376\377\000T\000L\000S}{section.2.1}% 15
\BOOKMARK [2][-]{subsection.2.1.4}{\376\377\000H\000T\000T\000P}{section.2.1}% 16
\BOOKMARK [2][-]{subsection.2.1.5}{\376\377\000W\000e\000b\000S\000o\000c\000k\000e\000t}{section.2.1}% 17
\BOOKMARK [1][-]{section.2.2}{\376\377\000C\000o\000m\000p\000o\000n\000e\000n\000t\000e\000s\000\040\000d\000e\000\040\000h\000a\000r\000d\000w\000a\000r\000e}{chapter.2}% 18
\BOOKMARK [2][-]{subsection.2.2.1}{\376\377\000M\000i\000c\000r\000o\000c\000o\000n\000t\000r\000o\000l\000a\000d\000o\000r}{section.2.2}% 19
\BOOKMARK [2][-]{subsection.2.2.2}{\376\377\000S\000e\000n\000s\000o\000r\000\040\000d\000e\000\040\000t\000e\000m\000p\000e\000r\000a\000t\000u\000r\000a\000\040\000a\000m\000b\000i\000e\000n\000t\000e\000,\000\040\000h\000u\000m\000e\000d\000a\000d\000\040\000r\000e\000l\000a\000t\000i\000v\000a\000\040\000y\000\040\000p\000r\000e\000s\000i\000\363\000n\000\040\000a\000t\000m\000o\000s\000f\000\351\000r\000i\000c\000a}{section.2.2}% 20
\BOOKMARK [2][-]{subsection.2.2.3}{\376\377\000S\000e\000n\000s\000o\000r\000\040\000d\000e\000\040\000l\000u\000z\000\040\000d\000i\000g\000i\000t\000a\000l}{section.2.2}% 21
\BOOKMARK [2][-]{subsection.2.2.4}{\376\377\000S\000e\000n\000s\000o\000r\000\040\000d\000e\000\040\000d\000i\000\363\000x\000i\000d\000o\000\040\000d\000e\000\040\000c\000a\000r\000b\000o\000n\000o}{section.2.2}% 22
\BOOKMARK [2][-]{subsection.2.2.5}{\376\377\000S\000e\000n\000s\000o\000r\000\040\000d\000e\000\040\000d\000e\000t\000e\000c\000c\000i\000\363\000n\000\040\000d\000e\000\040\000p\000H}{section.2.2}% 23
\BOOKMARK [2][-]{subsection.2.2.6}{\376\377\000S\000e\000n\000s\000o\000r\000\040\000d\000e\000\040\000c\000o\000n\000d\000u\000c\000t\000i\000v\000i\000d\000a\000d\000\040\000e\000l\000\351\000c\000t\000r\000i\000c\000a}{section.2.2}% 24
\BOOKMARK [2][-]{subsection.2.2.7}{\376\377\000S\000e\000n\000s\000o\000r\000\040\000d\000e\000\040\000s\000\363\000l\000i\000d\000o\000s\000\040\000d\000i\000s\000u\000e\000l\000t\000o\000s\000\040\000t\000o\000t\000a\000l\000e\000s}{section.2.2}% 25
\BOOKMARK [2][-]{subsection.2.2.8}{\376\377\000S\000e\000n\000s\000o\000r\000\040\000d\000e\000\040\000t\000e\000m\000p\000e\000r\000a\000t\000u\000r\000a\000\040\000d\000i\000g\000i\000t\000a\000l\000\040\000s\000u\000m\000e\000r\000g\000i\000b\000l\000e}{section.2.2}% 26
\BOOKMARK [2][-]{subsection.2.2.9}{\376\377\000S\000e\000n\000s\000o\000r\000\040\000u\000l\000t\000r\000a\000s\000\363\000n\000i\000c\000o}{section.2.2}% 27
\BOOKMARK [2][-]{subsection.2.2.10}{\376\377\000S\000e\000n\000s\000o\000r\000\040\000d\000e\000\040\000m\000e\000d\000i\000c\000i\000\363\000n\000\040\000d\000e\000\040\000c\000o\000n\000s\000u\000m\000o\000\040\000e\000l\000\351\000c\000t\000r\000i\000c\000o}{section.2.2}% 28
\BOOKMARK [2][-]{subsection.2.2.11}{\376\377\000M\000\363\000d\000u\000l\000o\000\040\000R\000e\000l\000a\000y}{section.2.2}% 29
\BOOKMARK [1][-]{section.2.3}{\376\377\000D\000e\000s\000a\000r\000r\000o\000l\000l\000o\000\040\000d\000e\000\040\000f\000i\000r\000m\000w\000a\000r\000e}{chapter.2}% 30
\BOOKMARK [2][-]{subsection.2.3.1}{\376\377\000M\000i\000c\000r\000o\000P\000y\000t\000h\000o\000n}{section.2.3}% 31
\BOOKMARK [1][-]{section.2.4}{\376\377\000D\000e\000s\000a\000r\000r\000o\000l\000l\000o\000\040\000B\000a\000c\000k\000e\000n\000d\000\040\000y\000\040\000A\000P\000I}{chapter.2}% 32
\BOOKMARK [2][-]{subsection.2.4.1}{\376\377\000F\000a\000s\000t\000A\000P\000I}{section.2.4}% 33
\BOOKMARK [2][-]{subsection.2.4.2}{\376\377\000M\000o\000n\000g\000o\000D\000B}{section.2.4}% 34
\BOOKMARK [1][-]{section.2.5}{\376\377\000D\000e\000s\000a\000r\000r\000o\000l\000l\000o\000\040\000F\000r\000o\000n\000t\000e\000n\000d}{chapter.2}% 35
\BOOKMARK [2][-]{subsection.2.5.1}{\376\377\000R\000e\000a\000c\000t}{section.2.5}% 36
\BOOKMARK [1][-]{section.2.6}{\376\377\000I\000n\000f\000r\000a\000e\000s\000t\000r\000u\000c\000t\000u\000r\000a\000\040\000y\000\040\000d\000e\000s\000p\000l\000i\000e\000g\000u\000e}{chapter.2}% 37
\BOOKMARK [2][-]{subsection.2.6.1}{\376\377\000D\000o\000c\000k\000e\000r}{section.2.6}% 38
\BOOKMARK [2][-]{subsection.2.6.2}{\376\377\000A\000W\000S\000\040\000I\000o\000T\000\040\000C\000o\000r\000e}{section.2.6}% 39
\BOOKMARK [2][-]{subsection.2.6.3}{\376\377\000A\000W\000S\000\040\000E\000C\0002}{section.2.6}% 40
\BOOKMARK [1][-]{section.2.7}{\376\377\000H\000e\000r\000r\000a\000m\000i\000e\000n\000t\000a\000s\000\040\000d\000e\000\040\000d\000e\000s\000a\000r\000r\000o\000l\000l\000o}{chapter.2}% 41
\BOOKMARK [2][-]{subsection.2.7.1}{\376\377\000V\000i\000s\000u\000a\000l\000\040\000S\000t\000u\000d\000i\000o\000\040\000C\000o\000d\000e}{section.2.7}% 42
\BOOKMARK [2][-]{subsection.2.7.2}{\376\377\000P\000o\000s\000t\000m\000a\000n}{section.2.7}% 43
\BOOKMARK [2][-]{subsection.2.7.3}{\376\377\000G\000i\000t}{section.2.7}% 44
\BOOKMARK [2][-]{subsection.2.7.4}{\376\377\000G\000i\000t\000h\000u\000b}{section.2.7}% 45
\BOOKMARK [0][-]{appendix*.22}{\376\377\000B\000i\000b\000l\000i\000o\000g\000r\000a\000f\000\355\000a}{}% 46
